<?xml version="1.0" encoding="UTF-8"?>
<testsuite name="Busqueda exitosa con datos extraídos de un xlsx" tests="1" skipped="0" failures="1" errors="0" timestamp="2022-02-19T00:29:12" hostname="SQABOG-SQA2022" time="99.455">
  <properties/>
  <testcase name="Buscar en linio" classname="Busqueda exitosa con datos extraídos de un xlsx" time="99.455">
    <failure message="org.junit.ComparisonFailure: expected:&lt;[$]2.236.990&gt; but was:&lt;[]2.236.990&gt;" type="org.junit.ComparisonFailure">org.junit.ComparisonFailure: expected:&lt;[$]2.236.990&gt; but was:&lt;[]2.236.990&gt;
	at org.junit.Assert.assertEquals(Assert.java:115)
	at org.junit.Assert.assertEquals(Assert.java:144)
	at steps.LinioStep.validar(LinioStep.java:103)
	at stepDefinitions.LinioStepDefinition.haceLaBusquedaYMeMuestraResultados(LinioStepDefinition.java:35)
	at ✽.hace la busqueda y me muestra resultados(src/test/resources/features/linioBusq.feature:7)
</failure>
  </testcase>
  <system-out><![CDATA[]]></system-out>
  <system-err><![CDATA[Starting ChromeDriver 98.0.4758.48 (d869ab3eda60629b9fabbd4e30c0f833466c83fd-refs/branch-heads/4758@{#415}) on port 8664
Only local connections are allowed.
Please see https://chromedriver.chromium.org/security-considerations for suggestions on keeping ChromeDriver safe.
ChromeDriver was started successfully.
feb 18, 2022 7:29:14 PM org.openqa.selenium.remote.ProtocolHandshake createSession
INFORMACIÓN: Detected dialect: W3C
Starting ChromeDriver 98.0.4758.48 (d869ab3eda60629b9fabbd4e30c0f833466c83fd-refs/branch-heads/4758@{#415}) on port 27215
Only local connections are allowed.
Please see https://chromedriver.chromium.org/security-considerations for suggestions on keeping ChromeDriver safe.
ChromeDriver was started successfully.
feb 18, 2022 7:29:16 PM org.openqa.selenium.remote.ProtocolHandshake createSession
INFORMACIÓN: Detected dialect: W3C
[Test worker] ERROR net.thucydides.core.steps.ConsoleLoggingListener - 
           __  _____ _____ ____ _____   _____ _    ___ _     _____ ____  
  _       / / |_   _| ____/ ___|_   _| |  ___/ \  |_ _| |   | ____|  _ \ 
 (_)_____| |    | | |  _| \___ \ | |   | |_ / _ \  | || |   |  _| | | | |
  _|_____| |    | | | |___ ___) || |   |  _/ ___ \ | || |___| |___| |_| |
 (_)     | |    |_| |_____|____/ |_|   |_|/_/   \_\___|_____|_____|____/ 
          \_\                                                            

TEST FAILED: Buscar en linio
--------------------------------------------------------------------------
[Test worker] ERROR net.thucydides.core.steps.ConsoleLoggingListener - TEST FAILED AT STEP Then hace la busqueda y me muestra resultados
[Test worker] ERROR net.thucydides.core.steps.ConsoleLoggingListener - expected:<[$]2.236.990> but was:<[]2.236.990>
]]></system-err>
</testsuite>
